<?xml version="1.0" encoding="UTF-8"?>
<!-- Generated by org.testng.reporters.JUnitReportReporter -->
<testsuite hostname="NishaAbishek" failures="0" tests="4" name="org.maven.naveen.website.RegisterLoginUpdatePasswordAccount" time="2.401" errors="1" timestamp="18 Oct. 2023 20:45:31 GMT" skipped="3">
  <testcase classname="org.maven.naveen.website.RegisterLoginUpdatePasswordAccount" name="setUp" time="2.401">
    <error message="session not created: This version of ChromeDriver only supports Chrome version 114
Current browser version is 118.0.5993.72 with binary path C:\Program Files\Google\Chrome\Application\chrome.exe
Build info: version: &#039;3.141.59&#039;, revision: &#039;e82be7d358&#039;, time: &#039;2018-11-14T08:17:03&#039;
System info: host: &#039;NISHAABISHEK&#039;, ip: &#039;192.168.4.29&#039;, os.name: &#039;Windows 11&#039;, os.arch: &#039;amd64&#039;, os.version: &#039;10.0&#039;, java.version: &#039;11.0.16&#039;
Driver info: driver.version: ChromeDriver
remote stacktrace: Backtrace:
	GetHandleVerifier [0x007AA813+48355]
	(No symbol) [0x0073C4B1]
	(No symbol) [0x00645358]
	(No symbol) [0x006661AC]
	(No symbol) [0x00661EF3]
	(No symbol) [0x00660579]
	(No symbol) [0x00690C55]
	(No symbol) [0x0069093C]
	(No symbol) [0x0068A536]
	(No symbol) [0x006682DC]
	(No symbol) [0x006693DD]
	GetHandleVerifier [0x00A0AABD+2539405]
	GetHandleVerifier [0x00A4A78F+2800735]
	GetHandleVerifier [0x00A4456C+2775612]
	GetHandleVerifier [0x008351E0+616112]
	(No symbol) [0x00745F8C]
	(No symbol) [0x00742328]
	(No symbol) [0x0074240B]
	(No symbol) [0x00734FF7]
	BaseThreadInitThunk [0x76427BA9+25]
	RtlInitializeExceptionChain [0x77D9BD3B+107]
	RtlClearBits [0x77D9BCBF+191]
" type="org.openqa.selenium.SessionNotCreatedException">
      <![CDATA[org.openqa.selenium.SessionNotCreatedException: session not created: This version of ChromeDriver only supports Chrome version 114
Current browser version is 118.0.5993.72 with binary path C:\Program Files\Google\Chrome\Application\chrome.exe
Build info: version: '3.141.59', revision: 'e82be7d358', time: '2018-11-14T08:17:03'
System info: host: 'NISHAABISHEK', ip: '192.168.4.29', os.name: 'Windows 11', os.arch: 'amd64', os.version: '10.0', java.version: '11.0.16'
Driver info: driver.version: ChromeDriver
remote stacktrace: Backtrace:
GetHandleVerifier [0x007AA813+48355]
(No symbol) [0x0073C4B1]
(No symbol) [0x00645358]
(No symbol) [0x006661AC]
(No symbol) [0x00661EF3]
(No symbol) [0x00660579]
(No symbol) [0x00690C55]
(No symbol) [0x0069093C]
(No symbol) [0x0068A536]
(No symbol) [0x006682DC]
(No symbol) [0x006693DD]
GetHandleVerifier [0x00A0AABD+2539405]
GetHandleVerifier [0x00A4A78F+2800735]
GetHandleVerifier [0x00A4456C+2775612]
GetHandleVerifier [0x008351E0+616112]
(No symbol) [0x00745F8C]
(No symbol) [0x00742328]
(No symbol) [0x0074240B]
(No symbol) [0x00734FF7]
BaseThreadInitThunk [0x76427BA9+25]
RtlInitializeExceptionChain [0x77D9BD3B+107]
RtlClearBits [0x77D9BCBF+191]

at java.base/jdk.internal.reflect.NativeConstructorAccessorImpl.newInstance0(Native Method)
at java.base/jdk.internal.reflect.NativeConstructorAccessorImpl.newInstance(NativeConstructorAccessorImpl.java:62)
at java.base/jdk.internal.reflect.DelegatingConstructorAccessorImpl.newInstance(DelegatingConstructorAccessorImpl.java:45)
at java.base/java.lang.reflect.Constructor.newInstance(Constructor.java:490)
at org.openqa.selenium.remote.W3CHandshakeResponse.lambda$errorHandler$0(W3CHandshakeResponse.java:62)
at org.openqa.selenium.remote.HandshakeResponse.lambda$getResponseFunction$0(HandshakeResponse.java:30)
at org.openqa.selenium.remote.ProtocolHandshake.lambda$createSession$0(ProtocolHandshake.java:126)
at java.base/java.util.stream.ReferencePipeline$3$1.accept(ReferencePipeline.java:195)
at java.base/java.util.Spliterators$ArraySpliterator.tryAdvance(Spliterators.java:958)
at java.base/java.util.stream.ReferencePipeline.forEachWithCancel(ReferencePipeline.java:127)
at java.base/java.util.stream.AbstractPipeline.copyIntoWithCancel(AbstractPipeline.java:502)
at java.base/java.util.stream.AbstractPipeline.copyInto(AbstractPipeline.java:488)
at java.base/java.util.stream.AbstractPipeline.wrapAndCopyInto(AbstractPipeline.java:474)
at java.base/java.util.stream.FindOps$FindOp.evaluateSequential(FindOps.java:150)
at java.base/java.util.stream.AbstractPipeline.evaluate(AbstractPipeline.java:234)
at java.base/java.util.stream.ReferencePipeline.findFirst(ReferencePipeline.java:543)
at org.openqa.selenium.remote.ProtocolHandshake.createSession(ProtocolHandshake.java:128)
at org.openqa.selenium.remote.ProtocolHandshake.createSession(ProtocolHandshake.java:74)
at org.openqa.selenium.remote.HttpCommandExecutor.execute(HttpCommandExecutor.java:136)
at org.openqa.selenium.remote.service.DriverCommandExecutor.execute(DriverCommandExecutor.java:83)
at org.openqa.selenium.remote.RemoteWebDriver.execute(RemoteWebDriver.java:552)
at org.openqa.selenium.remote.RemoteWebDriver.startSession(RemoteWebDriver.java:213)
at org.openqa.selenium.remote.RemoteWebDriver.<init>(RemoteWebDriver.java:131)
at org.openqa.selenium.chrome.ChromeDriver.<init>(ChromeDriver.java:181)
at org.openqa.selenium.chrome.ChromeDriver.<init>(ChromeDriver.java:168)
at org.openqa.selenium.chrome.ChromeDriver.<init>(ChromeDriver.java:123)
at org.maven.naveen.website.RegisterLoginUpdatePasswordAccount.setUp(RegisterLoginUpdatePasswordAccount.java:28)
at java.base/jdk.internal.reflect.NativeMethodAccessorImpl.invoke0(Native Method)
at java.base/jdk.internal.reflect.NativeMethodAccessorImpl.invoke(NativeMethodAccessorImpl.java:62)
at java.base/jdk.internal.reflect.DelegatingMethodAccessorImpl.invoke(DelegatingMethodAccessorImpl.java:43)
at java.base/java.lang.reflect.Method.invoke(Method.java:566)
at org.testng.internal.MethodInvocationHelper.invokeMethod(MethodInvocationHelper.java:124)
at org.testng.internal.MethodInvocationHelper.invokeMethodConsideringTimeout(MethodInvocationHelper.java:59)
at org.testng.internal.Invoker.invokeConfigurationMethod(Invoker.java:458)
at org.testng.internal.Invoker.invokeConfigurations(Invoker.java:222)
at org.testng.internal.Invoker.invokeMethod(Invoker.java:523)
at org.testng.internal.Invoker.invokeTestMethod(Invoker.java:719)
at org.testng.internal.Invoker.invokeTestMethods(Invoker.java:989)
at org.testng.internal.TestMethodWorker.invokeTestMethods(TestMethodWorker.java:125)
at org.testng.internal.TestMethodWorker.run(TestMethodWorker.java:109)
at org.testng.TestRunner.privateRun(TestRunner.java:648)
at org.testng.TestRunner.run(TestRunner.java:505)
at org.testng.SuiteRunner.runTest(SuiteRunner.java:455)
at org.testng.SuiteRunner.runSequentially(SuiteRunner.java:450)
at org.testng.SuiteRunner.privateRun(SuiteRunner.java:415)
at org.testng.SuiteRunner.run(SuiteRunner.java:364)
at org.testng.SuiteRunnerWorker.runSuite(SuiteRunnerWorker.java:52)
at org.testng.SuiteRunnerWorker.run(SuiteRunnerWorker.java:84)
at org.testng.TestNG.runSuitesSequentially(TestNG.java:1208)
at org.testng.TestNG.runSuitesLocally(TestNG.java:1137)
at org.testng.TestNG.runSuites(TestNG.java:1049)
at org.testng.TestNG.run(TestNG.java:1017)
at org.testng.remote.AbstractRemoteTestNG.run(AbstractRemoteTestNG.java:115)
at org.testng.remote.RemoteTestNG.initAndRun(RemoteTestNG.java:251)
at org.testng.remote.RemoteTestNG.main(RemoteTestNG.java:77)
]]>
    </error>
  </testcase> <!-- setUp -->
  <testcase classname="org.maven.naveen.website.RegisterLoginUpdatePasswordAccount" name="register" time="0.000">
    <skipped/>
  </testcase> <!-- register -->
  <testcase classname="org.maven.naveen.website.RegisterLoginUpdatePasswordAccount" name="login" time="0.000">
    <skipped/>
  </testcase> <!-- login -->
  <testcase classname="org.maven.naveen.website.RegisterLoginUpdatePasswordAccount" name="updatePassword" time="0.000">
    <skipped/>
  </testcase> <!-- updatePassword -->
</testsuite> <!-- org.maven.naveen.website.RegisterLoginUpdatePasswordAccount -->
